[23-Oct-2021 00:04:26 Asia/Kolkata] PHP Warning:  Creating default object from empty value in /home/delhigol/domains/delhigoldenlottery.com/public_html/somo/about/api/edit-api.php on line 43
[23-Oct-2021 00:04:52 Asia/Kolkata] PHP Warning:  Creating default object from empty value in /home/delhigol/domains/delhigoldenlottery.com/public_html/somo/about/api/edit-api.php on line 43
[23-Oct-2021 00:06:43 Asia/Kolkata] PHP Warning:  Creating default object from empty value in /home/delhigol/domains/delhigoldenlottery.com/public_html/somo/about/api/edit-api.php on line 43
[23-Oct-2021 00:09:01 Asia/Kolkata] PHP Warning:  Creating default object from empty value in /home/delhigol/domains/delhigoldenlottery.com/public_html/somo/about/api/edit-api.php on line 43
[23-Oct-2021 00:09:42 Asia/Kolkata] PHP Warning:  Creating default object from empty value in /home/delhigol/domains/delhigoldenlottery.com/public_html/somo/about/api/edit-api.php on line 43
[23-Oct-2021 00:10:05 Asia/Kolkata] PHP Notice:  Undefined index: aboutColor in /home/delhigol/domains/delhigoldenlottery.com/public_html/somo/about/api/add-api.php on line 6
[23-Oct-2021 00:10:05 Asia/Kolkata] PHP Warning:  Creating default object from empty value in /home/delhigol/domains/delhigoldenlottery.com/public_html/somo/about/api/add-api.php on line 35
[23-Oct-2021 00:10:05 Asia/Kolkata] PHP Warning:  Creating default object from empty value in /home/delhigol/domains/delhigoldenlottery.com/public_html/somo/about/api/add-api.php on line 37
[23-Oct-2021 00:10:26 Asia/Kolkata] PHP Warning:  Creating default object from empty value in /home/delhigol/domains/delhigoldenlottery.com/public_html/somo/about/api/edit-api.php on line 43
[23-Oct-2021 00:10:55 Asia/Kolkata] PHP Warning:  Creating default object from empty value in /home/delhigol/domains/delhigoldenlottery.com/public_html/somo/about/api/edit-api.php on line 43
[23-Oct-2021 00:10:59 Asia/Kolkata] PHP Warning:  Creating default object from empty value in /home/delhigol/domains/delhigoldenlottery.com/public_html/somo/about/api/delete-api.php on line 14
[23-Oct-2021 00:11:02 Asia/Kolkata] PHP Warning:  Creating default object from empty value in /home/delhigol/domains/delhigoldenlottery.com/public_html/somo/about/api/delete-api.php on line 14
[31-Oct-2021 11:36:44 Asia/Kolkata] PHP Warning:  Creating default object from empty value in /home/delhigol/domains/delhigoldenlottery.com/public_html/somo/about/api/edit-api.php on line 43
[31-Oct-2021 12:21:51 Asia/Kolkata] PHP Warning:  Creating default object from empty value in /home/delhigol/domains/delhigoldenlottery.com/public_html/somo/about/api/delete-api.php on line 14
[31-Oct-2021 12:22:05 Asia/Kolkata] PHP Warning:  Creating default object from empty value in /home/delhigol/domains/delhigoldenlottery.com/public_html/somo/about/api/delete-api.php on line 14
[31-Oct-2021 12:42:56 Asia/Kolkata] PHP Notice:  Undefined index: aboutColor in /home/delhigol/domains/delhigoldenlottery.com/public_html/somo/about/api/add-api.php on line 6
[31-Oct-2021 12:42:56 Asia/Kolkata] PHP Warning:  Creating default object from empty value in /home/delhigol/domains/delhigoldenlottery.com/public_html/somo/about/api/add-api.php on line 35
[31-Oct-2021 12:42:56 Asia/Kolkata] PHP Warning:  Creating default object from empty value in /home/delhigol/domains/delhigoldenlottery.com/public_html/somo/about/api/add-api.php on line 37
[31-Oct-2021 12:43:25 Asia/Kolkata] PHP Warning:  Creating default object from empty value in /home/delhigol/domains/delhigoldenlottery.com/public_html/somo/about/api/edit-api.php on line 43
[31-Oct-2021 12:43:59 Asia/Kolkata] PHP Warning:  Creating default object from empty value in /home/delhigol/domains/delhigoldenlottery.com/public_html/somo/about/api/edit-api.php on line 43
[31-Oct-2021 12:44:26 Asia/Kolkata] PHP Warning:  Creating default object from empty value in /home/delhigol/domains/delhigoldenlottery.com/public_html/somo/about/api/edit-api.php on line 43
[31-Oct-2021 12:45:28 Asia/Kolkata] PHP Warning:  Creating default object from empty value in /home/delhigol/domains/delhigoldenlottery.com/public_html/somo/about/api/edit-api.php on line 43
[31-Oct-2021 12:46:09 Asia/Kolkata] PHP Warning:  Creating default object from empty value in /home/delhigol/domains/delhigoldenlottery.com/public_html/somo/about/api/edit-api.php on line 43
[31-Oct-2021 12:46:29 Asia/Kolkata] PHP Warning:  Creating default object from empty value in /home/delhigol/domains/delhigoldenlottery.com/public_html/somo/about/api/edit-api.php on line 43
[31-Oct-2021 15:41:13 Asia/Kolkata] PHP Notice:  Undefined index: aboutColor in /home/delhigol/domains/delhigoldenlottery.com/public_html/somo/about/api/add-api.php on line 6
[31-Oct-2021 15:41:13 Asia/Kolkata] PHP Warning:  Creating default object from empty value in /home/delhigol/domains/delhigoldenlottery.com/public_html/somo/about/api/add-api.php on line 35
[31-Oct-2021 15:41:13 Asia/Kolkata] PHP Warning:  Creating default object from empty value in /home/delhigol/domains/delhigoldenlottery.com/public_html/somo/about/api/add-api.php on line 37
[31-Oct-2021 16:05:18 Asia/Kolkata] PHP Warning:  Creating default object from empty value in /home/delhigol/domains/delhigoldenlottery.com/public_html/somo/about/api/edit-api.php on line 43
[31-Oct-2021 22:46:12 Asia/Kolkata] PHP Warning:  Creating default object from empty value in /home/delhigol/domains/delhigoldenlottery.com/public_html/somo/about/api/edit-api.php on line 41
[31-Oct-2021 22:49:29 Asia/Kolkata] PHP Warning:  Creating default object from empty value in /home/delhigol/domains/delhigoldenlottery.com/public_html/somo/about/api/edit-api.php on line 41
[31-Oct-2021 22:53:28 Asia/Kolkata] PHP Warning:  Creating default object from empty value in /home/delhigol/domains/delhigoldenlottery.com/public_html/somo/about/api/add-api.php on line 34
[31-Oct-2021 22:53:28 Asia/Kolkata] PHP Warning:  Creating default object from empty value in /home/delhigol/domains/delhigoldenlottery.com/public_html/somo/about/api/add-api.php on line 36
[31-Oct-2021 22:54:08 Asia/Kolkata] PHP Warning:  Creating default object from empty value in /home/delhigol/domains/delhigoldenlottery.com/public_html/somo/about/api/edit-api.php on line 41
[31-Oct-2021 22:56:09 Asia/Kolkata] PHP Warning:  Creating default object from empty value in /home/delhigol/domains/delhigoldenlottery.com/public_html/somo/about/api/edit-api.php on line 41
[31-Oct-2021 22:57:59 Asia/Kolkata] PHP Warning:  Creating default object from empty value in /home/delhigol/domains/delhigoldenlottery.com/public_html/somo/about/api/edit-api.php on line 42
[31-Oct-2021 22:58:56 Asia/Kolkata] PHP Warning:  Creating default object from empty value in /home/delhigol/domains/delhigoldenlottery.com/public_html/somo/about/api/add-api.php on line 34
[31-Oct-2021 22:58:56 Asia/Kolkata] PHP Warning:  Creating default object from empty value in /home/delhigol/domains/delhigoldenlottery.com/public_html/somo/about/api/add-api.php on line 36
[31-Oct-2021 22:59:54 Asia/Kolkata] PHP Warning:  Creating default object from empty value in /home/delhigol/domains/delhigoldenlottery.com/public_html/somo/about/api/edit-api.php on line 42
[31-Oct-2021 23:00:36 Asia/Kolkata] PHP Warning:  Creating default object from empty value in /home/delhigol/domains/delhigoldenlottery.com/public_html/somo/about/api/edit-api.php on line 42
[31-Oct-2021 23:17:38 Asia/Kolkata] PHP Warning:  move_uploaded_file(./../../images/160986velcro-15.jpg): failed to open stream: No such file or directory in /home/delhigol/domains/delhigoldenlottery.com/public_html/somo/about/api/edit-api.php on line 26
[31-Oct-2021 23:17:38 Asia/Kolkata] PHP Warning:  move_uploaded_file(): Unable to move '/tmp/php8HJqBw' to './../../images/160986velcro-15.jpg' in /home/delhigol/domains/delhigoldenlottery.com/public_html/somo/about/api/edit-api.php on line 26
[31-Oct-2021 23:17:38 Asia/Kolkata] PHP Warning:  Creating default object from empty value in /home/delhigol/domains/delhigoldenlottery.com/public_html/somo/about/api/edit-api.php on line 43
[31-Oct-2021 23:19:56 Asia/Kolkata] PHP Warning:  Creating default object from empty value in /home/delhigol/domains/delhigoldenlottery.com/public_html/somo/about/api/edit-api.php on line 43
[31-Oct-2021 23:20:29 Asia/Kolkata] PHP Warning:  Creating default object from empty value in /home/delhigol/domains/delhigoldenlottery.com/public_html/somo/about/api/edit-api.php on line 43
[31-Oct-2021 23:21:01 Asia/Kolkata] PHP Warning:  Creating default object from empty value in /home/delhigol/domains/delhigoldenlottery.com/public_html/somo/about/api/edit-api.php on line 43
[31-Oct-2021 23:46:18 Asia/Kolkata] PHP Warning:  Creating default object from empty value in /home/delhigol/domains/delhigoldenlottery.com/public_html/somo/about/api/edit-api.php on line 43
[01-Nov-2021 00:02:39 Asia/Kolkata] PHP Warning:  Creating default object from empty value in /home/delhigol/domains/delhigoldenlottery.com/public_html/somo/about/api/delete-api.php on line 14
[01-Nov-2021 00:03:30 Asia/Kolkata] PHP Warning:  Creating default object from empty value in /home/delhigol/domains/delhigoldenlottery.com/public_html/somo/about/api/edit-api.php on line 43
[01-Nov-2021 00:15:44 Asia/Kolkata] PHP Warning:  Creating default object from empty value in /home/delhigol/domains/delhigoldenlottery.com/public_html/somo/about/api/edit-api.php on line 43
[01-Nov-2021 00:16:54 Asia/Kolkata] PHP Warning:  Creating default object from empty value in /home/delhigol/domains/delhigoldenlottery.com/public_html/somo/about/api/edit-api.php on line 43
[01-Nov-2021 00:17:07 Asia/Kolkata] PHP Warning:  Creating default object from empty value in /home/delhigol/domains/delhigoldenlottery.com/public_html/somo/about/api/delete-api.php on line 14
[01-Nov-2021 00:17:19 Asia/Kolkata] PHP Warning:  Creating default object from empty value in /home/delhigol/domains/delhigoldenlottery.com/public_html/somo/about/api/delete-api.php on line 14
[01-Nov-2021 00:17:46 Asia/Kolkata] PHP Warning:  Creating default object from empty value in /home/delhigol/domains/delhigoldenlottery.com/public_html/somo/about/api/edit-api.php on line 43
[01-Nov-2021 07:35:27 Asia/Kolkata] PHP Warning:  Creating default object from empty value in /home/delhigol/domains/delhigoldenlottery.com/public_html/somo/about/api/add-api.php on line 34
[01-Nov-2021 07:35:27 Asia/Kolkata] PHP Warning:  Creating default object from empty value in /home/delhigol/domains/delhigoldenlottery.com/public_html/somo/about/api/add-api.php on line 36
[01-Nov-2021 07:35:59 Asia/Kolkata] PHP Warning:  Creating default object from empty value in /home/delhigol/domains/delhigoldenlottery.com/public_html/somo/about/api/edit-api.php on line 43
[01-Nov-2021 07:36:42 Asia/Kolkata] PHP Warning:  Creating default object from empty value in /home/delhigol/domains/delhigoldenlottery.com/public_html/somo/about/api/edit-api.php on line 43
[01-Nov-2021 07:46:25 Asia/Kolkata] PHP Warning:  Creating default object from empty value in /home/delhigol/domains/delhigoldenlottery.com/public_html/somo/about/api/delete-api.php on line 14
[16-Nov-2021 21:29:42 Asia/Kolkata] PHP Warning:  Creating default object from empty value in /home/delhigol/domains/delhigoldenlottery.com/public_html/somo/about/api/add-api.php on line 34
[16-Nov-2021 21:29:42 Asia/Kolkata] PHP Warning:  Creating default object from empty value in /home/delhigol/domains/delhigoldenlottery.com/public_html/somo/about/api/add-api.php on line 36
[16-Nov-2021 21:30:04 Asia/Kolkata] PHP Warning:  Creating default object from empty value in /home/delhigol/domains/delhigoldenlottery.com/public_html/somo/about/api/edit-api.php on line 43
[16-Nov-2021 21:30:20 Asia/Kolkata] PHP Warning:  Creating default object from empty value in /home/delhigol/domains/delhigoldenlottery.com/public_html/somo/about/api/edit-api.php on line 43
[16-Nov-2021 21:30:34 Asia/Kolkata] PHP Warning:  Creating default object from empty value in /home/delhigol/domains/delhigoldenlottery.com/public_html/somo/about/api/edit-api.php on line 43
[16-Nov-2021 21:30:56 Asia/Kolkata] PHP Warning:  Creating default object from empty value in /home/delhigol/domains/delhigoldenlottery.com/public_html/somo/about/api/edit-api.php on line 43
[16-Nov-2021 21:31:17 Asia/Kolkata] PHP Warning:  Creating default object from empty value in /home/delhigol/domains/delhigoldenlottery.com/public_html/somo/about/api/delete-api.php on line 14
[16-Nov-2021 22:07:51 Asia/Kolkata] PHP Warning:  Creating default object from empty value in /home/delhigol/domains/delhigoldenlottery.com/public_html/somo/about/api/delete-api.php on line 14
[16-Nov-2021 22:10:00 Asia/Kolkata] PHP Warning:  Creating default object from empty value in /home/delhigol/domains/delhigoldenlottery.com/public_html/somo/about/api/add-api.php on line 34
[16-Nov-2021 22:10:00 Asia/Kolkata] PHP Warning:  Creating default object from empty value in /home/delhigol/domains/delhigoldenlottery.com/public_html/somo/about/api/add-api.php on line 36
[16-Nov-2021 22:13:10 Asia/Kolkata] PHP Warning:  Creating default object from empty value in /home/delhigol/domains/delhigoldenlottery.com/public_html/somo/about/api/add-api.php on line 34
[16-Nov-2021 22:13:10 Asia/Kolkata] PHP Warning:  Creating default object from empty value in /home/delhigol/domains/delhigoldenlottery.com/public_html/somo/about/api/add-api.php on line 36
[18-Nov-2021 23:25:01 Asia/Kolkata] PHP Warning:  Creating default object from empty value in /home/delhigol/domains/delhigoldenlottery.com/public_html/somo/about/api/add-api.php on line 34
[18-Nov-2021 23:25:01 Asia/Kolkata] PHP Warning:  Creating default object from empty value in /home/delhigol/domains/delhigoldenlottery.com/public_html/somo/about/api/add-api.php on line 36
[18-Nov-2021 23:25:21 Asia/Kolkata] PHP Warning:  Creating default object from empty value in /home/delhigol/domains/delhigoldenlottery.com/public_html/somo/about/api/edit-api.php on line 43
[18-Nov-2021 23:43:11 Asia/Kolkata] PHP Warning:  Creating default object from empty value in /home/delhigol/domains/delhigoldenlottery.com/public_html/somo/about/api/delete-api.php on line 14
[19-Nov-2021 00:29:31 Asia/Kolkata] PHP Warning:  Creating default object from empty value in /home/delhigol/domains/delhigoldenlottery.com/public_html/somo/about/api/edit-api.php on line 43
[19-Nov-2021 00:30:00 Asia/Kolkata] PHP Warning:  Creating default object from empty value in /home/delhigol/domains/delhigoldenlottery.com/public_html/somo/about/api/edit-api.php on line 48
[19-Nov-2021 01:05:01 Asia/Kolkata] PHP Warning:  Creating default object from empty value in /home/delhigol/domains/delhigoldenlottery.com/public_html/somo/about/api/edit-api.php on line 43
[25-Nov-2021 00:04:50 Asia/Kolkata] PHP Notice:  Undefined index: image in /home/delhigol/domains/delhigoldenlottery.com/public_html/somo/about/api/add-api.php on line 9
[25-Nov-2021 00:04:50 Asia/Kolkata] PHP Warning:  Creating default object from empty value in /home/delhigol/domains/delhigoldenlottery.com/public_html/somo/about/api/add-api.php on line 38
[25-Nov-2021 00:04:50 Asia/Kolkata] PHP Warning:  Creating default object from empty value in /home/delhigol/domains/delhigoldenlottery.com/public_html/somo/about/api/add-api.php on line 40
[25-Nov-2021 00:05:18 Asia/Kolkata] PHP Notice:  Undefined index: image in /home/delhigol/domains/delhigoldenlottery.com/public_html/somo/about/api/add-api.php on line 9
[25-Nov-2021 00:05:18 Asia/Kolkata] PHP Warning:  Creating default object from empty value in /home/delhigol/domains/delhigoldenlottery.com/public_html/somo/about/api/add-api.php on line 38
[25-Nov-2021 00:05:18 Asia/Kolkata] PHP Warning:  Creating default object from empty value in /home/delhigol/domains/delhigoldenlottery.com/public_html/somo/about/api/add-api.php on line 40
[25-Nov-2021 00:05:52 Asia/Kolkata] PHP Notice:  Undefined index: image in /home/delhigol/domains/delhigoldenlottery.com/public_html/somo/about/api/add-api.php on line 9
[25-Nov-2021 00:05:52 Asia/Kolkata] PHP Warning:  Creating default object from empty value in /home/delhigol/domains/delhigoldenlottery.com/public_html/somo/about/api/add-api.php on line 38
[25-Nov-2021 00:05:52 Asia/Kolkata] PHP Warning:  Creating default object from empty value in /home/delhigol/domains/delhigoldenlottery.com/public_html/somo/about/api/add-api.php on line 40
[25-Nov-2021 00:07:34 Asia/Kolkata] PHP Notice:  Undefined index: image in /home/delhigol/domains/delhigoldenlottery.com/public_html/somo/about/api/add-api.php on line 9
[25-Nov-2021 00:07:34 Asia/Kolkata] PHP Warning:  Creating default object from empty value in /home/delhigol/domains/delhigoldenlottery.com/public_html/somo/about/api/add-api.php on line 38
[25-Nov-2021 00:07:34 Asia/Kolkata] PHP Warning:  Creating default object from empty value in /home/delhigol/domains/delhigoldenlottery.com/public_html/somo/about/api/add-api.php on line 40
[25-Nov-2021 00:09:33 Asia/Kolkata] PHP Warning:  Creating default object from empty value in /home/delhigol/domains/delhigoldenlottery.com/public_html/somo/about/api/delete-api.php on line 14
[25-Nov-2021 00:09:38 Asia/Kolkata] PHP Warning:  Creating default object from empty value in /home/delhigol/domains/delhigoldenlottery.com/public_html/somo/about/api/delete-api.php on line 14
[25-Nov-2021 00:09:43 Asia/Kolkata] PHP Warning:  Creating default object from empty value in /home/delhigol/domains/delhigoldenlottery.com/public_html/somo/about/api/delete-api.php on line 14
[25-Nov-2021 00:09:47 Asia/Kolkata] PHP Warning:  Creating default object from empty value in /home/delhigol/domains/delhigoldenlottery.com/public_html/somo/about/api/delete-api.php on line 14
[25-Nov-2021 00:09:59 Asia/Kolkata] PHP Warning:  Creating default object from empty value in /home/delhigol/domains/delhigoldenlottery.com/public_html/somo/about/api/add-api.php on line 38
[25-Nov-2021 00:09:59 Asia/Kolkata] PHP Warning:  Creating default object from empty value in /home/delhigol/domains/delhigoldenlottery.com/public_html/somo/about/api/add-api.php on line 40
[25-Nov-2021 00:10:28 Asia/Kolkata] PHP Warning:  Creating default object from empty value in /home/delhigol/domains/delhigoldenlottery.com/public_html/somo/about/api/add-api.php on line 38
[25-Nov-2021 00:10:28 Asia/Kolkata] PHP Warning:  Creating default object from empty value in /home/delhigol/domains/delhigoldenlottery.com/public_html/somo/about/api/add-api.php on line 40
[25-Nov-2021 00:11:05 Asia/Kolkata] PHP Warning:  Creating default object from empty value in /home/delhigol/domains/delhigoldenlottery.com/public_html/somo/about/api/add-api.php on line 10
[25-Nov-2021 00:11:05 Asia/Kolkata] PHP Notice:  Undefined index: image in /home/delhigol/domains/delhigoldenlottery.com/public_html/somo/about/api/add-api.php on line 11
[25-Nov-2021 00:13:51 Asia/Kolkata] PHP Warning:  Creating default object from empty value in /home/delhigol/domains/delhigoldenlottery.com/public_html/somo/about/api/edit-api.php on line 48
[25-Nov-2021 00:14:02 Asia/Kolkata] PHP Warning:  Creating default object from empty value in /home/delhigol/domains/delhigoldenlottery.com/public_html/somo/about/api/edit-api.php on line 48
[25-Nov-2021 00:14:33 Asia/Kolkata] PHP Warning:  Creating default object from empty value in /home/delhigol/domains/delhigoldenlottery.com/public_html/somo/about/api/edit-api.php on line 14
[25-Nov-2021 00:14:33 Asia/Kolkata] PHP Notice:  Undefined variable: path in /home/delhigol/domains/delhigoldenlottery.com/public_html/somo/about/api/edit-api.php on line 43
[25-Nov-2021 00:15:57 Asia/Kolkata] PHP Warning:  Creating default object from empty value in /home/delhigol/domains/delhigoldenlottery.com/public_html/somo/about/api/edit-api.php on line 14
[25-Nov-2021 00:15:57 Asia/Kolkata] PHP Notice:  Undefined variable: path in /home/delhigol/domains/delhigoldenlottery.com/public_html/somo/about/api/edit-api.php on line 43
[25-Nov-2021 00:20:09 Asia/Kolkata] PHP Warning:  Creating default object from empty value in /home/delhigol/domains/delhigoldenlottery.com/public_html/somo/about/api/edit-api.php on line 58
[25-Nov-2021 00:20:26 Asia/Kolkata] PHP Warning:  Creating default object from empty value in /home/delhigol/domains/delhigoldenlottery.com/public_html/somo/about/api/edit-api.php on line 36
[25-Nov-2021 00:21:01 Asia/Kolkata] PHP Warning:  Creating default object from empty value in /home/delhigol/domains/delhigoldenlottery.com/public_html/somo/about/api/edit-api.php on line 36
[25-Nov-2021 00:21:35 Asia/Kolkata] PHP Warning:  Creating default object from empty value in /home/delhigol/domains/delhigoldenlottery.com/public_html/somo/about/api/edit-api.php on line 20
[18-Dec-2021 03:55:23 Asia/Kolkata] PHP Warning:  Creating default object from empty value in /home/delhigol/domains/delhigoldenlottery.com/public_html/somo/about/api/edit-api.php on line 58
[18-Dec-2021 03:56:42 Asia/Kolkata] PHP Warning:  Creating default object from empty value in /home/delhigol/domains/delhigoldenlottery.com/public_html/somo/about/api/edit-api.php on line 20
[18-Dec-2021 03:57:20 Asia/Kolkata] PHP Warning:  Creating default object from empty value in /home/delhigol/domains/delhigoldenlottery.com/public_html/somo/about/api/edit-api.php on line 20
[18-Dec-2021 04:01:23 Asia/Kolkata] PHP Warning:  Creating default object from empty value in /home/delhigol/domains/delhigoldenlottery.com/public_html/somo/about/api/edit-api.php on line 36
[19-Dec-2021 12:38:12 Asia/Kolkata] PHP Warning:  Creating default object from empty value in /home/delhigol/domains/delhigoldenlottery.com/public_html/somo/about/api/edit-api.php on line 20
[19-Dec-2021 16:29:28 Asia/Kolkata] PHP Warning:  Creating default object from empty value in /home/delhigol/domains/delhigoldenlottery.com/public_html/somo/about/api/edit-api.php on line 20
